{
  "RSpec": {
    "coverage": {
      "/Users/jadestewart/Turing/1mod/projects/NightWriter/lib/night_writer.rb": {
        "lines": [
          1,
          1,
          1,
          null,
          null,
          1,
          5,
          5,
          null,
          5,
          null,
          null,
          null,
          null,
          null,
          null,
          null,
          null,
          null,
          null,
          null,
          null,
          null,
          null,
          null,
          null,
          null,
          null,
          null,
          null,
          null,
          null,
          null,
          null,
          null,
          null,
          null,
          null,
          null,
          1,
          1,
          null,
          1,
          1,
          null,
          1,
          null,
          null,
          1,
          3,
          3,
          13,
          null,
          null,
          3,
          9,
          null,
          null,
          null,
          null,
          null,
          null,
          null,
          null,
          null
        ]
      }
    },
    "timestamp": 1673805705
  }
}
